<testsuites id="" name="" tests="1" failures="1" skipped="0" errors="0" time="68.790536">
<testsuite name="tests\test-2.spec.ts" timestamp="2025-02-04T13:52:46.682Z" hostname="chromium" tests="1" failures="1" skipped="0" time="65.452" errors="0">
<testcase name="Display Overwrites on Design" classname="tests\test-2.spec.ts" time="65.452">
<failure message="test-2.spec.ts:7:5 Display Overwrites on Design" type="FAILURE">
<![CDATA[  [chromium] › tests\test-2.spec.ts:7:5 › Display Overwrites on Design ─────────────────────────────

    Error: Timed out 5000ms waiting for expect(locator).toHaveText(expected)

    Locator: locator('.MuiDataGrid-row > div:nth-child(6)').first()
    Expected string: "3"
    Received string: "1"
    Call log:
      - expect.toHaveText with timeout 5000ms
      - waiting for locator('.MuiDataGrid-row > div:nth-child(6)').first()
        9 × locator resolved to <div title="1" tabindex="-1" role="gridcell" aria-colspan="1" aria-rowspan="1" data-colindex="4" aria-colindex="5" data-field="totalCircuits" class="MuiDataGrid-cell MuiDataGrid-cell--textRight">1</div>
          - unexpected value "1"


       at pages\dashboardPage.ts:60

      58 |     // Validar que la columna "Project Circuit Count" muestra "1"
      59 |     const circuitCountCell = this.page.locator('.MuiDataGrid-row > div:nth-child(6)').first();
    > 60 |     await expect(circuitCountCell).toHaveText('3');
         |                                    ^
      61 |     await this.page.waitForTimeout(2000);
      62 |   }
      63 |
        at DashboardPage.selectProjectFromList (E:\TrabajoCarlos\automation_proj\pages\dashboardPage.ts:60:36)
        at E:\TrabajoCarlos\automation_proj\tests\test-2.spec.ts:36:3

    attachment #1: screenshot (image/png) ──────────────────────────────────────────────────────────
    test-results\tests-test-2-Display-Overwrites-on-Design-chromium\test-failed-1.png
    ────────────────────────────────────────────────────────────────────────────────────────────────

    attachment #2: trace (application/zip) ─────────────────────────────────────────────────────────
    test-results\tests-test-2-Display-Overwrites-on-Design-chromium\trace.zip
    Usage:

        npx playwright show-trace test-results\tests-test-2-Display-Overwrites-on-Design-chromium\trace.zip

    ────────────────────────────────────────────────────────────────────────────────────────────────
]]>
</failure>
<system-out>
<![CDATA[
[[ATTACHMENT|tests-test-2-Display-Overwrites-on-Design-chromium\test-failed-1.png]]

[[ATTACHMENT|tests-test-2-Display-Overwrites-on-Design-chromium\trace.zip]]
]]>
</system-out>
</testcase>
</testsuite>
</testsuites>