<testsuites id="" name="" tests="2" failures="0" skipped="0" errors="0" time="104.167867">
<testsuite name="tests\test-1.spec.ts" timestamp="2025-02-12T21:05:18.864Z" hostname="chromium" tests="1" failures="0" skipped="0" time="86.192" errors="0">
<testcase name="Should allow create project using NEC" classname="tests\test-1.spec.ts" time="86.192">
<system-out>
<![CDATA[Email: svc-cptautomation@thermon.onmicrosoft.com
Password: Cacho1029
Filling email: svc-cptautomation@thermon.onmicrosoft.com
Creando circuito...
Esperando circuito en UI...
Buscando proyecto: test-7284
⚠️ Apareció el mensaje de confirmación, haciendo clic...
Texto actual: 1
✅ Circuit count is correct.
Buscando proyecto: test-7284

[[ATTACHMENT|tests-test-1-Should-allow-create-project-using-NEC-chromium\trace.zip]]
]]>
</system-out>
</testcase>
</testsuite>
<testsuite name="tests\test-2.spec.ts" timestamp="2025-02-12T21:05:18.864Z" hostname="chromium" tests="1" failures="0" skipped="0" time="99.052" errors="0">
<testcase name="Display Overwrites on Design" classname="tests\test-2.spec.ts" time="99.052">
<system-out>
<![CDATA[Email: svc-cptautomation@thermon.onmicrosoft.com
Password: Cacho1029
Filling email: svc-cptautomation@thermon.onmicrosoft.com
Creando circuito...
Esperando circuito en UI...
Diseñando circuito...
Validando imágenes...
Buscando proyecto: test-2328
⚠️ Apareció el mensaje de confirmación, haciendo clic...
Texto actual: 1
✅ Circuit count is correct.
Buscando proyecto: test-2328

[[ATTACHMENT|tests-test-2-Display-Overwrites-on-Design-chromium\trace.zip]]
]]>
</system-out>
</testcase>
</testsuite>
</testsuites>