<testsuites id="" name="" tests="1" failures="0" skipped="0" errors="0" time="45.600274000000006">
<testsuite name="tests\test-1.spec.ts" timestamp="2025-02-07T15:43:18.799Z" hostname="chromium" tests="1" failures="0" skipped="0" time="42.114" errors="0">
<testcase name="Should allow create project using NEC" classname="tests\test-1.spec.ts" time="42.114">
<system-out>
<![CDATA[Email: svc-cptautomation@thermon.onmicrosoft.com
Password: Cacho1029
Filling email: svc-cptautomation@thermon.onmicrosoft.com
Texto actual: 1

[[ATTACHMENT|tests-test-1-Should-allow-create-project-using-NEC-chromium\trace.zip]]
]]>
</system-out>
</testcase>
</testsuite>
</testsuites>