<testsuites id="" name="" tests="1" failures="0" skipped="0" errors="0" time="125.95111999999999">
<testsuite name="tests\test-5.spec.ts" timestamp="2025-02-14T21:53:57.214Z" hostname="chromium" tests="1" failures="0" skipped="0" time="121.009" errors="0">
<testcase name="Display Overwrites on Design" classname="tests\test-5.spec.ts" time="121.009">
<system-out>
<![CDATA[Email: svc-cptautomation@thermon.onmicrosoft.com
Password: Cacho1029
Filling email: svc-cptautomation@thermon.onmicrosoft.com
Número de opciones visibles: 9
Buscando proyecto: test-336
⚠️ Apareció el mensaje de confirmación, haciendo clic...
Texto actual: 1
✅ Circuit count is correct.
Buscando proyecto: test-336

[[ATTACHMENT|tests-test-5-Display-Overwrites-on-Design-chromium\trace.zip]]
]]>
</system-out>
</testcase>
</testsuite>
</testsuites>