<testsuites id="" name="" tests="1" failures="0" skipped="0" errors="0" time="72.18185">
<testsuite name="tests\test-1.spec.ts" timestamp="2025-02-12T17:53:32.068Z" hostname="chromium" tests="1" failures="0" skipped="0" time="68.687" errors="0">
<testcase name="Should allow create project using NEC" classname="tests\test-1.spec.ts" time="68.687">
<system-out>
<![CDATA[Email: svc-cptautomation@thermon.onmicrosoft.com
Password: Cacho1029
Filling email: svc-cptautomation@thermon.onmicrosoft.com
Creando circuito...
Esperando circuito en UI...
Buscando proyecto: test-3219
⚠️ Apareció el mensaje de confirmación, haciendo clic...
Texto actual: 1
✅ Circuit count is correct.
Buscando proyecto: test-3219

[[ATTACHMENT|tests-test-1-Should-allow-create-project-using-NEC-chromium\trace.zip]]
]]>
</system-out>
</testcase>
</testsuite>
</testsuites>